* using log directory 'C:/Users/pedro/Documents/analisis_nnet/nnet_7.3-4/nnet.Rcheck'
* using R version 4.4.2 (2024-10-31 ucrt)
* using platform: x86_64-w64-mingw32
* R was compiled by
    gcc.exe (GCC) 13.3.0
    GNU Fortran (GCC) 13.3.0
* running under: Windows 11 x64 (build 22631)
* using session charset: UTF-8
* checking for file 'nnet/DESCRIPTION' ... OK
* this is package 'nnet' version '7.3-4'
* checking package namespace information ... OK
* checking package dependencies ... OK
* checking if this is a source package ... OK
* checking if there is a namespace ... OK
* checking for executable files ... OK
* checking for hidden files and directories ... OK
* checking for portable file names ... OK
* checking whether package 'nnet' can be installed ... ERROR
Installation failed.
See 'C:/Users/pedro/Documents/analisis_nnet/nnet_7.3-4/nnet.Rcheck/00install.out' for details.
* DONE
Status: 1 ERROR
